CR0 update: CR0=0x60000010
CR0 update: CR0=0x60000010
CR0 update: CR0=0x00000011
SMM: enter
EAX=00000000 EBX=00000000 ECX=02000000 EDX=02000628
ESI=0000000b EDI=02000000 EBP=06fed040 ESP=00006d54
EIP=000f055d EFL=00000046 [---Z-P-] CPL=0 II=0 A20=1 SMM=0 HLT=0
ES =0010 00000000 ffffffff 00cf9300 DPL=0 DS   [-WA]
CS =0008 00000000 ffffffff 00cf9b00 DPL=0 CS32 [-RA]
SS =0010 00000000 ffffffff 00cf9300 DPL=0 DS   [-WA]
DS =0010 00000000 ffffffff 00cf9300 DPL=0 DS   [-WA]
FS =0010 00000000 ffffffff 00cf9300 DPL=0 DS   [-WA]
GS =0010 00000000 ffffffff 00cf9300 DPL=0 DS   [-WA]
LDT=0000 00000000 0000ffff 00008200 DPL=0 LDT
TR =0000 00000000 0000ffff 00008b00 DPL=0 TSS32-busy
GDT=     000f7420 00000037
IDT=     000f745e 00000000
CR0=00000011 CR2=00000000 CR3=00000000 CR4=00000000
DR0=00000000 DR1=00000000 DR2=00000000 DR3=00000000 
DR6=ffff0ff0 DR7=00000400
CCS=00000044 CCD=ffffffff CCO=EFLAGS
EFER=0000000000000000
CR0 update: CR0=0x00000010
CR0 update: CR0=0x00000011
CR0 update: CR0=0x00000011
SMM: after RSM
EAX=00000000 EBX=00000000 ECX=02000000 EDX=02000628
ESI=0000000b EDI=02000000 EBP=06fed040 ESP=00006d54
EIP=000f055d EFL=00000046 [---Z-P-] CPL=0 II=0 A20=1 SMM=0 HLT=0
ES =0010 00000000 ffffffff 00c09300 DPL=0 DS   [-WA]
CS =0008 00000000 ffffffff 00c09b00 DPL=0 CS32 [-RA]
SS =0010 00000000 ffffffff 00c09300 DPL=0 DS   [-WA]
DS =0010 00000000 ffffffff 00c09300 DPL=0 DS   [-WA]
FS =0010 00000000 ffffffff 00c09300 DPL=0 DS   [-WA]
GS =0010 00000000 ffffffff 00c09300 DPL=0 DS   [-WA]
LDT=0000 00000000 0000ffff 00008200 DPL=0 LDT
TR =0000 00000000 0000ffff 00008b00 DPL=0 TSS32-busy
GDT=     000f7420 00000037
IDT=     000f745e 00000000
CR0=00000011 CR2=00000000 CR3=00000000 CR4=00000000
DR0=00000000 DR1=00000000 DR2=00000000 DR3=00000000 
DR6=ffff0ff0 DR7=00000400
CCS=00000044 CCD=00000000 CCO=EFLAGS
EFER=0000000000000000
CR0 update: CR0=0x00000010
CR0 update: CR0=0x00000011
CR0 update: CR0=0x00000010
CR0 update: CR0=0x00000011
CR0 update: CR0=0x00000010
CR0 update: CR0=0x00000011
CR0 update: CR0=0x00000010
CR0 update: CR0=0x00000011
CR0 update: CR0=0x00000010
CR0 update: CR0=0x00000011
CR0 update: CR0=0x00000010
CR0 update: CR0=0x00000011
CR0 update: CR0=0x00000010
CR0 update: CR0=0x00000011
CR0 update: CR0=0x00000010
CR0 update: CR0=0x00000011
CR0 update: CR0=0x00000010
CR0 update: CR0=0x00000011
CR0 update: CR0=0x00000010
CR0 update: CR0=0x00000011
CR0 update: CR0=0x00000010
CR0 update: CR0=0x00000011
CR0 update: CR0=0x00000010
CR0 update: CR0=0x00000011
CR0 update: CR0=0x00000010
CR0 update: CR0=0x00000011
CR0 update: CR0=0x00000010
CR0 update: CR0=0x00000011
CR0 update: CR0=0x00000010
CR0 update: CR0=0x00000011
CR0 update: CR0=0x00000010
CR0 update: CR0=0x00000011
CR0 update: CR0=0x00000010
CR0 update: CR0=0x00000011
CR0 update: CR0=0x00000010
CR0 update: CR0=0x00000011
CR0 update: CR0=0x00000010
CR0 update: CR0=0x00000011
CR0 update: CR0=0x00000010
CR0 update: CR0=0x00000011
CR0 update: CR0=0x00000010
SMM: enter
EAX=000000b5 EBX=000f86ac ECX=00001234 EDX=00006cff
ESI=00006cc8 EDI=06fff761 EBP=00006c88 ESP=00006c88
EIP=000086a9 EFL=00000006 [-----P-] CPL=0 II=0 A20=1 SMM=0 HLT=0
ES =de80 000de800 ffffffff 008f9300
CS =f000 000f0000 ffffffff 008f9b00
SS =0000 00000000 ffffffff 008f9300
DS =0000 00000000 ffffffff 008f9300
FS =0000 00000000 ffffffff 008f9300
GS =0000 00000000 ffffffff 008f9300
LDT=0000 00000000 0000ffff 00008200
TR =0000 00000000 0000ffff 00008b00
GDT=     00000000 00000000
IDT=     00000000 000003ff
CR0=00000010 CR2=00000000 CR3=00000000 CR4=00000000
DR0=00000000 DR1=00000000 DR2=00000000 DR3=00000000 
DR6=ffff0ff0 DR7=00000400
CCS=00000000 CCD=00006c88 CCO=ADDL
EFER=0000000000000000
CR0 update: CR0=0x00000010
CR0 update: CR0=0x00000011
CR0 update: CR0=0x00000011
SMM: after RSM
EAX=000000b5 EBX=000f86ac ECX=00001234 EDX=00006cff
ESI=00006cc8 EDI=06fff761 EBP=00006c88 ESP=00006c88
EIP=000f86ac EFL=00000046 [---Z-P-] CPL=0 II=0 A20=1 SMM=0 HLT=0
ES =0010 00000000 ffffffff 00c09300 DPL=0 DS   [-WA]
CS =0008 00000000 ffffffff 00c09b00 DPL=0 CS32 [-RA]
SS =0010 00000000 ffffffff 00c09300 DPL=0 DS   [-WA]
DS =0010 00000000 ffffffff 00c09300 DPL=0 DS   [-WA]
FS =0010 00000000 ffffffff 00c09300 DPL=0 DS   [-WA]
GS =0010 00000000 ffffffff 00c09300 DPL=0 DS   [-WA]
LDT=0000 00000000 0000ffff 00008200 DPL=0 LDT
TR =0000 00000000 0000ffff 00008b00 DPL=0 TSS32-busy
GDT=     000f7420 00000037
IDT=     000f745e 00000000
CR0=00000011 CR2=00000000 CR3=00000000 CR4=00000000
DR0=00000000 DR1=00000000 DR2=00000000 DR3=00000000 
DR6=ffff0ff0 DR7=00000400
CCS=00000044 CCD=00000000 CCO=EFLAGS
EFER=0000000000000000
SMM: enter
EAX=000000b5 EBX=000086c6 ECX=00005678 EDX=06fffe68
ESI=000ed6e0 EDI=06fff761 EBP=00006c88 ESP=00006c88
EIP=000f86c3 EFL=00000016 [----AP-] CPL=0 II=0 A20=1 SMM=0 HLT=0
ES =0010 00000000 ffffffff 00c09300 DPL=0 DS   [-WA]
CS =0008 00000000 ffffffff 00c09b00 DPL=0 CS32 [-RA]
SS =0010 00000000 ffffffff 00c09300 DPL=0 DS   [-WA]
DS =0010 00000000 ffffffff 00c09300 DPL=0 DS   [-WA]
FS =0010 00000000 ffffffff 00c09300 DPL=0 DS   [-WA]
GS =0010 00000000 ffffffff 00c09300 DPL=0 DS   [-WA]
LDT=0000 00000000 0000ffff 00008200 DPL=0 LDT
TR =0000 00000000 0000ffff 00008b00 DPL=0 TSS32-busy
GDT=     000f7420 00000037
IDT=     000f745e 00000000
CR0=00000011 CR2=00000000 CR3=00000000 CR4=00000000
DR0=00000000 DR1=00000000 DR2=00000000 DR3=00000000 
DR6=ffff0ff0 DR7=00000400
CCS=00000008 CCD=00006c74 CCO=ADDL
EFER=0000000000000000
CR0 update: CR0=0x00000010
CR0 update: CR0=0x00000011
CR0 update: CR0=0x00000010
SMM: after RSM
EAX=000000b5 EBX=000086c6 ECX=00005678 EDX=06fffe68
ESI=000ed6e0 EDI=06fff761 EBP=00006c88 ESP=00006c88
EIP=000086c6 EFL=00000006 [-----P-] CPL=0 II=0 A20=1 SMM=0 HLT=0
ES =de80 000de800 ffffffff 00809300
CS =f000 000f0000 ffffffff 00809b00
SS =0000 00000000 ffffffff 00809300
DS =0000 00000000 ffffffff 00809300
FS =0000 00000000 ffffffff 00809300
GS =0000 00000000 ffffffff 00809300
LDT=0000 00000000 0000ffff 00008200
TR =0000 00000000 0000ffff 00008b00
GDT=     00000000 00000000
IDT=     00000000 000003ff
CR0=00000010 CR2=00000000 CR3=00000000 CR4=00000000
DR0=00000000 DR1=00000000 DR2=00000000 DR3=00000000 
DR6=ffff0ff0 DR7=00000400
CCS=00000004 CCD=00000001 CCO=EFLAGS
EFER=0000000000000000
CR0 update: CR0=0x00000011
CR0 update: CR0=0x00000010
CR0 update: CR0=0x00000011
CR0 update: CR0=0x00000010
CR0 update: CR0=0x00000011
CR0 update: CR0=0x00000010
CR0 update: CR0=0x00000011
CR0 update: CR0=0x00000010
CR0 update: CR0=0x00000011
CR0 update: CR0=0x00000010
CR0 update: CR0=0x00000011
CR0 update: CR0=0x00000010
CR0 update: CR0=0x00000011
CR0 update: CR0=0x00000010
CR0 update: CR0=0x00000011
CR0 update: CR0=0x00000010
CR0 update: CR0=0x00000011
CR0 update: CR0=0x00000010
CR0 update: CR0=0x00000011
CR0 update: CR0=0x00000010
CR0 update: CR0=0x00000011
CR0 update: CR0=0x00000010
CR0 update: CR0=0x00000011
CR0 update: CR0=0x00000010
CR0 update: CR0=0x00000011
CR0 update: CR0=0x00000010
CR0 update: CR0=0x00000011
CR0 update: CR0=0x00000010
CR0 update: CR0=0x00000011
CR0 update: CR0=0x00000010
CR0 update: CR0=0x00000011
CR0 update: CR0=0x00000010
CR0 update: CR0=0x00000011
CR0 update: CR0=0x00000010
CR0 update: CR0=0x00000011
CR0 update: CR0=0x00000010
CR0 update: CR0=0x00000011
CR0 update: CR0=0x00000010
CR0 update: CR0=0x00000011
CR0 update: CR0=0x00000010
CR0 update: CR0=0x00000011
CR0 update: CR0=0x00000010
CR0 update: CR0=0x00000011
CR0 update: CR0=0x00000010
CR0 update: CR0=0x00000011
CR0 update: CR0=0x00000010
CR0 update: CR0=0x00000011
CR0 update: CR0=0x00000010
CR0 update: CR0=0x00000011
CR0 update: CR0=0x00000010
CR0 update: CR0=0x00000011
CR0 update: CR0=0x00000010
CR0 update: CR0=0x00000011
CR0 update: CR0=0x00000010
CR0 update: CR0=0x00000011
CR0 update: CR0=0x00000010
CR0 update: CR0=0x00000011
CR0 update: CR0=0x00000010
CR0 update: CR0=0x00000011
CR0 update: CR0=0x00000010
CR0 update: CR0=0x00000011
CR0 update: CR0=0x00000010
CR0 update: CR0=0x00000011
CR0 update: CR0=0x00000010
CR0 update: CR0=0x00000011
CR0 update: CR0=0x00000010
CR0 update: CR0=0x00000011
CR0 update: CR0=0x00000010
CR0 update: CR0=0x00000011
CR0 update: CR0=0x00000010
CR0 update: CR0=0x00000011
CR0 update: CR0=0x00000010
CR0 update: CR0=0x00000011
CR0 update: CR0=0x00000010
CR0 update: CR0=0x00000011
CR0 update: CR0=0x00000010
CR0 update: CR0=0x00000011
CR0 update: CR0=0x00000010
CR0 update: CR0=0x00000011
CR0 update: CR0=0x00000010
CR0 update: CR0=0x00000011
CR0 update: CR0=0x00000010
CR0 update: CR0=0x00000011
CR0 update: CR0=0x00000010
CR0 update: CR0=0x00000011
CR0 update: CR0=0x00000010
CR0 update: CR0=0x00000011
CR0 update: CR0=0x00000010
CR0 update: CR0=0x00000011
CR0 update: CR0=0x00000010
CR0 update: CR0=0x00000011
CR0 update: CR0=0x00000010
CR0 update: CR0=0x00000011
CR0 update: CR0=0x00000010
CR0 update: CR0=0x00000011
CR0 update: CR0=0x00000010
CR0 update: CR0=0x00000011
CR0 update: CR0=0x00000010
CR0 update: CR0=0x00000011
CR0 update: CR0=0x00000010
CR0 update: CR0=0x00000011
CR0 update: CR0=0x00000010
CR0 update: CR0=0x00000011
CR0 update: CR0=0x00000010
CR0 update: CR0=0x00000011
CR0 update: CR0=0x00000010
CR0 update: CR0=0x00000011
CR0 update: CR0=0x00000010
CR0 update: CR0=0x00000011
CR0 update: CR0=0x00000010
CR0 update: CR0=0x00000011
CR0 update: CR0=0x00000010
CR0 update: CR0=0x00000011
CR0 update: CR0=0x00000010
CR0 update: CR0=0x00000011
CR0 update: CR0=0x00000010
CR0 update: CR0=0x00000011
CR0 update: CR0=0x00000010
CR0 update: CR0=0x00000011
CR0 update: CR0=0x00000010
CR0 update: CR0=0x00000011
CR0 update: CR0=0x00000010
CR0 update: CR0=0x00000011
CR0 update: CR0=0x00000010
CR0 update: CR0=0x00000011
CR0 update: CR0=0x00000010
CR0 update: CR0=0x00000011
CR0 update: CR0=0x00000010
CR0 update: CR0=0x00000011
CR0 update: CR0=0x00000010
CR0 update: CR0=0x00000011
CR0 update: CR0=0x00000010
CR0 update: CR0=0x00000011
CR0 update: CR0=0x00000010
CR0 update: CR0=0x00000011
CR0 update: CR0=0x00000010
CR0 update: CR0=0x00000011
CR0 update: CR0=0x00000010
CR0 update: CR0=0x00000011
CR0 update: CR0=0x00000010
CR0 update: CR0=0x00000011
CR0 update: CR0=0x00000010
CR0 update: CR0=0x00000011
CR0 update: CR0=0x00000010
CR0 update: CR0=0x00000011
CR0 update: CR0=0x00000010
CR0 update: CR0=0x00000011
CR0 update: CR0=0x00000010
CR0 update: CR0=0x00000011
CR0 update: CR0=0x00000010
CR0 update: CR0=0x00000011
CR0 update: CR0=0x00000010
CR0 update: CR0=0x00000011
CR0 update: CR0=0x00000010
CR0 update: CR0=0x00000011
CR0 update: CR0=0x00000010
CR0 update: CR0=0x00000011
CR0 update: CR0=0x00000010
CR0 update: CR0=0x00000011
CR0 update: CR0=0x00000010
CR0 update: CR0=0x00000011
CR0 update: CR0=0x00000010
CR0 update: CR0=0x00000011
CR0 update: CR0=0x00000010
CR0 update: CR0=0x00000011
CR0 update: CR0=0x00000010
CR0 update: CR0=0x00000011
CR0 update: CR0=0x00000010
CR0 update: CR0=0x00000011
CR0 update: CR0=0x00000010
CR0 update: CR0=0x00000011
CR0 update: CR0=0x00000010
CR0 update: CR0=0x00000011
CR0 update: CR0=0x00000010
CR0 update: CR0=0x00000011
CR0 update: CR0=0x00000010
CR0 update: CR0=0x00000011
CR0 update: CR0=0x00000010
CR0 update: CR0=0x00000011
CR0 update: CR0=0x00000010
CR0 update: CR0=0x00000011
CR0 update: CR0=0x00000010
CR0 update: CR0=0x00000011
CR0 update: CR0=0x00000010
CR0 update: CR0=0x00000011
CR0 update: CR0=0x00000010
CR0 update: CR0=0x00000011
CR0 update: CR0=0x00000010
CR0 update: CR0=0x00000011
CR0 update: CR0=0x00000010
CR0 update: CR0=0x00000011
CR0 update: CR0=0x00000010
CR0 update: CR0=0x00000011
CR0 update: CR0=0x00000010
CR0 update: CR0=0x00000011
CR0 update: CR0=0x00000010
CR0 update: CR0=0x00000011
CR0 update: CR0=0x00000010
CR0 update: CR0=0x00000011
CR0 update: CR0=0x00000010
CR0 update: CR0=0x00000011
CR0 update: CR0=0x00000010
CR0 update: CR0=0x00000011
CR0 update: CR0=0x00000010
CR0 update: CR0=0x00000011
CR0 update: CR0=0x00000010
SMM: enter
EAX=000000b5 EBX=000f86ac ECX=00001234 EDX=000069ff
ESI=000069ae EDI=06fff761 EBP=0000696e ESP=0000696e
EIP=000086a9 EFL=00000002 [-------] CPL=0 II=0 A20=1 SMM=0 HLT=0
ES =de80 000de800 ffffffff 008f9300
CS =f000 000f0000 ffffffff 008f9b00
SS =0000 00000000 ffffffff 008f9300
DS =0000 00000000 ffffffff 008f9300
FS =0000 00000000 ffffffff 008f9300
GS =c900 000c9000 ffffffff 008f9300
LDT=0000 00000000 0000ffff 00008200
TR =0000 00000000 0000ffff 00008b00
GDT=     00000000 00000000
IDT=     00000000 000003ff
CR0=00000010 CR2=00000000 CR3=00000000 CR4=00000000
DR0=00000000 DR1=00000000 DR2=00000000 DR3=00000000 
DR6=ffff0ff0 DR7=00000400
CCS=00000000 CCD=0000696e CCO=ADDL
EFER=0000000000000000
CR0 update: CR0=0x00000010
CR0 update: CR0=0x00000011
CR0 update: CR0=0x00000011
SMM: after RSM
EAX=000000b5 EBX=000f86ac ECX=00001234 EDX=000069ff
ESI=000069ae EDI=06fff761 EBP=0000696e ESP=0000696e
EIP=000f86ac EFL=00000046 [---Z-P-] CPL=0 II=0 A20=1 SMM=0 HLT=0
ES =0010 00000000 ffffffff 00c09300 DPL=0 DS   [-WA]
CS =0008 00000000 ffffffff 00c09b00 DPL=0 CS32 [-RA]
SS =0010 00000000 ffffffff 00c09300 DPL=0 DS   [-WA]
DS =0010 00000000 ffffffff 00c09300 DPL=0 DS   [-WA]
FS =0010 00000000 ffffffff 00c09300 DPL=0 DS   [-WA]
GS =0010 00000000 ffffffff 00c09300 DPL=0 DS   [-WA]
LDT=0000 00000000 0000ffff 00008200 DPL=0 LDT
TR =0000 00000000 0000ffff 00008b00 DPL=0 TSS32-busy
GDT=     000f7420 00000037
IDT=     000f745e 00000000
CR0=00000011 CR2=00000000 CR3=00000000 CR4=00000000
DR0=00000000 DR1=00000000 DR2=00000000 DR3=00000000 
DR6=ffff0ff0 DR7=00000400
CCS=00000044 CCD=00000000 CCO=EFLAGS
EFER=0000000000000000
SMM: enter
EAX=000000b5 EBX=000086c6 ECX=00005678 EDX=00000005
ESI=00000000 EDI=06fff761 EBP=0000696e ESP=0000696e
EIP=000f86c3 EFL=00000006 [-----P-] CPL=0 II=0 A20=1 SMM=0 HLT=0
ES =0010 00000000 ffffffff 00c09300 DPL=0 DS   [-WA]
CS =0008 00000000 ffffffff 00c09b00 DPL=0 CS32 [-RA]
SS =0010 00000000 ffffffff 00c09300 DPL=0 DS   [-WA]
DS =0010 00000000 ffffffff 00c09300 DPL=0 DS   [-WA]
FS =0010 00000000 ffffffff 00c09300 DPL=0 DS   [-WA]
GS =0010 00000000 ffffffff 00c09300 DPL=0 DS   [-WA]
LDT=0000 00000000 0000ffff 00008200 DPL=0 LDT
TR =0000 00000000 0000ffff 00008b00 DPL=0 TSS32-busy
GDT=     000f7420 00000037
IDT=     000f745e 00000000
CR0=00000011 CR2=00000000 CR3=00000000 CR4=00000000
DR0=00000000 DR1=00000000 DR2=00000000 DR3=00000000 
DR6=ffff0ff0 DR7=00000400
CCS=00000008 CCD=0000695a CCO=ADDL
EFER=0000000000000000
CR0 update: CR0=0x00000010
CR0 update: CR0=0x00000011
CR0 update: CR0=0x00000010
SMM: after RSM
EAX=000000b5 EBX=000086c6 ECX=00005678 EDX=00000005
ESI=00000000 EDI=06fff761 EBP=0000696e ESP=0000696e
EIP=000086c6 EFL=00000002 [-------] CPL=0 II=0 A20=1 SMM=0 HLT=0
ES =de80 000de800 ffffffff 00809300
CS =f000 000f0000 ffffffff 00809b00
SS =0000 00000000 ffffffff 00809300
DS =0000 00000000 ffffffff 00809300
FS =0000 00000000 ffffffff 00809300
GS =c900 000c9000 ffffffff 00809300
LDT=0000 00000000 0000ffff 00008200
TR =0000 00000000 0000ffff 00008b00
GDT=     00000000 00000000
IDT=     00000000 000003ff
CR0=00000010 CR2=00000000 CR3=00000000 CR4=00000000
DR0=00000000 DR1=00000000 DR2=00000000 DR3=00000000 
DR6=ffff0ff0 DR7=00000400
CCS=00000000 CCD=00000001 CCO=EFLAGS
EFER=0000000000000000
SMM: enter
EAX=000000b5 EBX=000f86ac ECX=00001234 EDX=000069ff
ESI=000069a8 EDI=06fff761 EBP=00006968 ESP=00006968
EIP=000086a9 EFL=00000002 [-------] CPL=0 II=0 A20=1 SMM=0 HLT=0
ES =de80 000de800 ffffffff 00809300
CS =f000 000f0000 ffffffff 00809b00
SS =0000 00000000 ffffffff 00809300
DS =0000 00000000 ffffffff 00809300
FS =0000 00000000 ffffffff 00809300
GS =c900 000c9000 ffffffff 00809300
LDT=0000 00000000 0000ffff 00008200
TR =0000 00000000 0000ffff 00008b00
GDT=     00000000 00000000
IDT=     00000000 000003ff
CR0=00000010 CR2=00000000 CR3=00000000 CR4=00000000
DR0=00000000 DR1=00000000 DR2=00000000 DR3=00000000 
DR6=ffff0ff0 DR7=00000400
CCS=00000000 CCD=00006968 CCO=ADDL
EFER=0000000000000000
CR0 update: CR0=0x00000010
CR0 update: CR0=0x00000011
CR0 update: CR0=0x00000011
SMM: after RSM
EAX=000000b5 EBX=000f86ac ECX=00001234 EDX=000069ff
ESI=000069a8 EDI=06fff761 EBP=00006968 ESP=00006968
EIP=000f86ac EFL=00000046 [---Z-P-] CPL=0 II=0 A20=1 SMM=0 HLT=0
ES =0010 00000000 ffffffff 00c09300 DPL=0 DS   [-WA]
CS =0008 00000000 ffffffff 00c09b00 DPL=0 CS32 [-RA]
SS =0010 00000000 ffffffff 00c09300 DPL=0 DS   [-WA]
DS =0010 00000000 ffffffff 00c09300 DPL=0 DS   [-WA]
FS =0010 00000000 ffffffff 00c09300 DPL=0 DS   [-WA]
GS =0010 00000000 ffffffff 00c09300 DPL=0 DS   [-WA]
LDT=0000 00000000 0000ffff 00008200 DPL=0 LDT
TR =0000 00000000 0000ffff 00008b00 DPL=0 TSS32-busy
GDT=     000f7420 00000037
IDT=     000f745e 00000000
CR0=00000011 CR2=00000000 CR3=00000000 CR4=00000000
DR0=00000000 DR1=00000000 DR2=00000000 DR3=00000000 
DR6=ffff0ff0 DR7=00000400
CCS=00000044 CCD=00000000 CCO=EFLAGS
EFER=0000000000000000
SMM: enter
EAX=000000b5 EBX=000086c6 ECX=00005678 EDX=00000003
ESI=06fd3fe0 EDI=06fff761 EBP=00006968 ESP=00006968
EIP=000f86c3 EFL=00000012 [----A--] CPL=0 II=0 A20=1 SMM=0 HLT=0
ES =0010 00000000 ffffffff 00c09300 DPL=0 DS   [-WA]
CS =0008 00000000 ffffffff 00c09b00 DPL=0 CS32 [-RA]
SS =0010 00000000 ffffffff 00c09300 DPL=0 DS   [-WA]
DS =0010 00000000 ffffffff 00c09300 DPL=0 DS   [-WA]
FS =0010 00000000 ffffffff 00c09300 DPL=0 DS   [-WA]
GS =0010 00000000 ffffffff 00c09300 DPL=0 DS   [-WA]
LDT=0000 00000000 0000ffff 00008200 DPL=0 LDT
TR =0000 00000000 0000ffff 00008b00 DPL=0 TSS32-busy
GDT=     000f7420 00000037
IDT=     000f745e 00000000
CR0=00000011 CR2=00000000 CR3=00000000 CR4=00000000
DR0=00000000 DR1=00000000 DR2=00000000 DR3=00000000 
DR6=ffff0ff0 DR7=00000400
CCS=00000008 CCD=00006954 CCO=ADDL
EFER=0000000000000000
CR0 update: CR0=0x00000010
CR0 update: CR0=0x00000011
CR0 update: CR0=0x00000010
SMM: after RSM
EAX=000000b5 EBX=000086c6 ECX=00005678 EDX=00000003
ESI=06fd3fe0 EDI=06fff761 EBP=00006968 ESP=00006968
EIP=000086c6 EFL=00000002 [-------] CPL=0 II=0 A20=1 SMM=0 HLT=0
ES =de80 000de800 ffffffff 00809300
CS =f000 000f0000 ffffffff 00809b00
SS =0000 00000000 ffffffff 00809300
DS =0000 00000000 ffffffff 00809300
FS =0000 00000000 ffffffff 00809300
GS =c900 000c9000 ffffffff 00809300
LDT=0000 00000000 0000ffff 00008200
TR =0000 00000000 0000ffff 00008b00
GDT=     00000000 00000000
IDT=     00000000 000003ff
CR0=00000010 CR2=00000000 CR3=00000000 CR4=00000000
DR0=00000000 DR1=00000000 DR2=00000000 DR3=00000000 
DR6=ffff0ff0 DR7=00000400
CCS=00000000 CCD=00000001 CCO=EFLAGS
EFER=0000000000000000
SMM: enter
EAX=000000b5 EBX=000f86ac ECX=00001234 EDX=000069ff
ESI=000069ae EDI=06fff761 EBP=0000696e ESP=0000696e
EIP=000086a9 EFL=00000002 [-------] CPL=0 II=0 A20=1 SMM=0 HLT=0
ES =de80 000de800 ffffffff 00809300
CS =f000 000f0000 ffffffff 00809b00
SS =0000 00000000 ffffffff 00809300
DS =0000 00000000 ffffffff 00809300
FS =0000 00000000 ffffffff 00809300
GS =c900 000c9000 ffffffff 00809300
LDT=0000 00000000 0000ffff 00008200
TR =0000 00000000 0000ffff 00008b00
GDT=     00000000 00000000
IDT=     00000000 000003ff
CR0=00000010 CR2=00000000 CR3=00000000 CR4=00000000
DR0=00000000 DR1=00000000 DR2=00000000 DR3=00000000 
DR6=ffff0ff0 DR7=00000400
CCS=00000000 CCD=0000696e CCO=ADDL
EFER=0000000000000000
CR0 update: CR0=0x00000010
CR0 update: CR0=0x00000011
CR0 update: CR0=0x00000011
SMM: after RSM
EAX=000000b5 EBX=000f86ac ECX=00001234 EDX=000069ff
ESI=000069ae EDI=06fff761 EBP=0000696e ESP=0000696e
EIP=000f86ac EFL=00000046 [---Z-P-] CPL=0 II=0 A20=1 SMM=0 HLT=0
ES =0010 00000000 ffffffff 00c09300 DPL=0 DS   [-WA]
CS =0008 00000000 ffffffff 00c09b00 DPL=0 CS32 [-RA]
SS =0010 00000000 ffffffff 00c09300 DPL=0 DS   [-WA]
DS =0010 00000000 ffffffff 00c09300 DPL=0 DS   [-WA]
FS =0010 00000000 ffffffff 00c09300 DPL=0 DS   [-WA]
GS =0010 00000000 ffffffff 00c09300 DPL=0 DS   [-WA]
LDT=0000 00000000 0000ffff 00008200 DPL=0 LDT
TR =0000 00000000 0000ffff 00008b00 DPL=0 TSS32-busy
GDT=     000f7420 00000037
IDT=     000f745e 00000000
CR0=00000011 CR2=00000000 CR3=00000000 CR4=00000000
DR0=00000000 DR1=00000000 DR2=00000000 DR3=00000000 
DR6=ffff0ff0 DR7=00000400
CCS=00000044 CCD=00000000 CCO=EFLAGS
EFER=0000000000000000
SMM: enter
EAX=000000b5 EBX=000086c6 ECX=00005678 EDX=00000005
ESI=00000000 EDI=06fff761 EBP=0000696e ESP=0000696e
EIP=000f86c3 EFL=00000006 [-----P-] CPL=0 II=0 A20=1 SMM=0 HLT=0
ES =0010 00000000 ffffffff 00c09300 DPL=0 DS   [-WA]
CS =0008 00000000 ffffffff 00c09b00 DPL=0 CS32 [-RA]
SS =0010 00000000 ffffffff 00c09300 DPL=0 DS   [-WA]
DS =0010 00000000 ffffffff 00c09300 DPL=0 DS   [-WA]
FS =0010 00000000 ffffffff 00c09300 DPL=0 DS   [-WA]
GS =0010 00000000 ffffffff 00c09300 DPL=0 DS   [-WA]
LDT=0000 00000000 0000ffff 00008200 DPL=0 LDT
TR =0000 00000000 0000ffff 00008b00 DPL=0 TSS32-busy
GDT=     000f7420 00000037
IDT=     000f745e 00000000
CR0=00000011 CR2=00000000 CR3=00000000 CR4=00000000
DR0=00000000 DR1=00000000 DR2=00000000 DR3=00000000 
DR6=ffff0ff0 DR7=00000400
CCS=00000008 CCD=0000695a CCO=ADDL
EFER=0000000000000000
CR0 update: CR0=0x00000010
CR0 update: CR0=0x00000011
CR0 update: CR0=0x00000010
SMM: after RSM
EAX=000000b5 EBX=000086c6 ECX=00005678 EDX=00000005
ESI=00000000 EDI=06fff761 EBP=0000696e ESP=0000696e
EIP=000086c6 EFL=00000002 [-------] CPL=0 II=0 A20=1 SMM=0 HLT=0
ES =de80 000de800 ffffffff 00809300
CS =f000 000f0000 ffffffff 00809b00
SS =0000 00000000 ffffffff 00809300
DS =0000 00000000 ffffffff 00809300
FS =0000 00000000 ffffffff 00809300
GS =c900 000c9000 ffffffff 00809300
LDT=0000 00000000 0000ffff 00008200
TR =0000 00000000 0000ffff 00008b00
GDT=     00000000 00000000
IDT=     00000000 000003ff
CR0=00000010 CR2=00000000 CR3=00000000 CR4=00000000
DR0=00000000 DR1=00000000 DR2=00000000 DR3=00000000 
DR6=ffff0ff0 DR7=00000400
CCS=00000000 CCD=00000001 CCO=EFLAGS
EFER=0000000000000000
SMM: enter
EAX=000000b5 EBX=000f86ac ECX=00001234 EDX=000069ff
ESI=000069a8 EDI=06fff761 EBP=00006968 ESP=00006968
EIP=000086a9 EFL=00000002 [-------] CPL=0 II=0 A20=1 SMM=0 HLT=0
ES =de80 000de800 ffffffff 00809300
CS =f000 000f0000 ffffffff 00809b00
SS =0000 00000000 ffffffff 00809300
DS =0000 00000000 ffffffff 00809300
FS =0000 00000000 ffffffff 00809300
GS =c900 000c9000 ffffffff 00809300
LDT=0000 00000000 0000ffff 00008200
TR =0000 00000000 0000ffff 00008b00
GDT=     00000000 00000000
IDT=     00000000 000003ff
CR0=00000010 CR2=00000000 CR3=00000000 CR4=00000000
DR0=00000000 DR1=00000000 DR2=00000000 DR3=00000000 
DR6=ffff0ff0 DR7=00000400
CCS=00000000 CCD=00006968 CCO=ADDL
EFER=0000000000000000
CR0 update: CR0=0x00000010
CR0 update: CR0=0x00000011
CR0 update: CR0=0x00000011
SMM: after RSM
EAX=000000b5 EBX=000f86ac ECX=00001234 EDX=000069ff
ESI=000069a8 EDI=06fff761 EBP=00006968 ESP=00006968
EIP=000f86ac EFL=00000046 [---Z-P-] CPL=0 II=0 A20=1 SMM=0 HLT=0
ES =0010 00000000 ffffffff 00c09300 DPL=0 DS   [-WA]
CS =0008 00000000 ffffffff 00c09b00 DPL=0 CS32 [-RA]
SS =0010 00000000 ffffffff 00c09300 DPL=0 DS   [-WA]
DS =0010 00000000 ffffffff 00c09300 DPL=0 DS   [-WA]
FS =0010 00000000 ffffffff 00c09300 DPL=0 DS   [-WA]
GS =0010 00000000 ffffffff 00c09300 DPL=0 DS   [-WA]
LDT=0000 00000000 0000ffff 00008200 DPL=0 LDT
TR =0000 00000000 0000ffff 00008b00 DPL=0 TSS32-busy
GDT=     000f7420 00000037
IDT=     000f745e 00000000
CR0=00000011 CR2=00000000 CR3=00000000 CR4=00000000
DR0=00000000 DR1=00000000 DR2=00000000 DR3=00000000 
DR6=ffff0ff0 DR7=00000400
CCS=00000044 CCD=00000000 CCO=EFLAGS
EFER=0000000000000000
SMM: enter
EAX=000000b5 EBX=000086c6 ECX=00005678 EDX=00000003
ESI=06f33fe0 EDI=06fff761 EBP=00006968 ESP=00006968
EIP=000f86c3 EFL=00000012 [----A--] CPL=0 II=0 A20=1 SMM=0 HLT=0
ES =0010 00000000 ffffffff 00c09300 DPL=0 DS   [-WA]
CS =0008 00000000 ffffffff 00c09b00 DPL=0 CS32 [-RA]
SS =0010 00000000 ffffffff 00c09300 DPL=0 DS   [-WA]
DS =0010 00000000 ffffffff 00c09300 DPL=0 DS   [-WA]
FS =0010 00000000 ffffffff 00c09300 DPL=0 DS   [-WA]
GS =0010 00000000 ffffffff 00c09300 DPL=0 DS   [-WA]
LDT=0000 00000000 0000ffff 00008200 DPL=0 LDT
TR =0000 00000000 0000ffff 00008b00 DPL=0 TSS32-busy
GDT=     000f7420 00000037
IDT=     000f745e 00000000
CR0=00000011 CR2=00000000 CR3=00000000 CR4=00000000
DR0=00000000 DR1=00000000 DR2=00000000 DR3=00000000 
DR6=ffff0ff0 DR7=00000400
CCS=00000008 CCD=00006954 CCO=ADDL
EFER=0000000000000000
CR0 update: CR0=0x00000010
CR0 update: CR0=0x00000011
CR0 update: CR0=0x00000010
SMM: after RSM
EAX=000000b5 EBX=000086c6 ECX=00005678 EDX=00000003
ESI=06f33fe0 EDI=06fff761 EBP=00006968 ESP=00006968
EIP=000086c6 EFL=00000002 [-------] CPL=0 II=0 A20=1 SMM=0 HLT=0
ES =de80 000de800 ffffffff 00809300
CS =f000 000f0000 ffffffff 00809b00
SS =0000 00000000 ffffffff 00809300
DS =0000 00000000 ffffffff 00809300
FS =0000 00000000 ffffffff 00809300
GS =c900 000c9000 ffffffff 00809300
LDT=0000 00000000 0000ffff 00008200
TR =0000 00000000 0000ffff 00008b00
GDT=     00000000 00000000
IDT=     00000000 000003ff
CR0=00000010 CR2=00000000 CR3=00000000 CR4=00000000
DR0=00000000 DR1=00000000 DR2=00000000 DR3=00000000 
DR6=ffff0ff0 DR7=00000400
CCS=00000000 CCD=00000001 CCO=EFLAGS
EFER=0000000000000000
CR0 update: CR0=0x00000011
CR0 update: CR0=0x00000010
CR0 update: CR0=0x00000011
CR0 update: CR0=0x00000010
CR0 update: CR0=0x00000011
CR0 update: CR0=0x00000010
CR0 update: CR0=0x00000011
CR0 update: CR0=0x00000010
Servicing hardware INT=0x08
CR0 update: CR0=0x00000011
CR0 update: CR0=0x00000010
CR0 update: CR0=0x00000011
CR0 update: CR0=0x00000010
CR0 update: CR0=0x00000011
CR0 update: CR0=0x00000010
CR0 update: CR0=0x00000011
CR0 update: CR0=0x00000010
CR0 update: CR0=0x00000011
CR0 update: CR0=0x00000010
CR0 update: CR0=0x00000011
CR0 update: CR0=0x00000010
CR0 update: CR0=0x00000011
CR0 update: CR0=0x00000010
CR0 update: CR0=0x00000011
CR0 update: CR0=0x00000010
CR0 update: CR0=0x00000011
CR0 update: CR0=0x00000010
CR0 update: CR0=0x00000011
CR0 update: CR0=0x00000010
CR0 update: CR0=0x00000011
CR0 update: CR0=0x00000010
CR0 update: CR0=0x00000011
CR0 update: CR0=0x00000010
CR0 update: CR0=0x00000011
CR0 update: CR0=0x00000010
CR0 update: CR0=0x00000011
CR0 update: CR0=0x00000010
CR0 update: CR0=0x00000011
CR0 update: CR0=0x00000010
CR0 update: CR0=0x00000011
CR0 update: CR0=0x00000010
CR0 update: CR0=0x00000011
CR0 update: CR0=0x00000010
CR0 update: CR0=0x00000011
CR0 update: CR0=0x00000010
CR0 update: CR0=0x00000011
CR0 update: CR0=0x00000010
CR0 update: CR0=0x00000011
CR0 update: CR0=0x00000010
CR0 update: CR0=0x00000011
CR0 update: CR0=0x00000010
CR0 update: CR0=0x00000011
CR0 update: CR0=0x00000010
CR0 update: CR0=0x00000011
CR0 update: CR0=0x00000010
CR0 update: CR0=0x00000011
CR0 update: CR0=0x00000010
CR0 update: CR0=0x00000001
CR0 update: CR0=0x80000011
Servicing hardware INT=0x21
     0: v=21 e=0000 i=0 cpl=0 IP=0008:00101694 pc=00101694 SP=0010:0010de28 env->regs[R_EAX]=00000000
EAX=00000000 EBX=00000000 ECX=00000000 EDX=00000000
ESI=00009500 EDI=0010de38 EBP=00000000 ESP=0010de28
EIP=00101694 EFL=00000293 [--S-A-C] CPL=0 II=0 A20=1 SMM=0 HLT=0
ES =0010 00000000 ffffffff 00cf9300 DPL=0 DS   [-WA]
CS =0008 00000000 ffffffff 00cf9a00 DPL=0 CS32 [-R-]
SS =0010 00000000 ffffffff 00cf9300 DPL=0 DS   [-WA]
DS =0010 00000000 ffffffff 00cf9300 DPL=0 DS   [-WA]
FS =0010 00000000 ffffffff 00cf9300 DPL=0 DS   [-WA]
GS =0010 00000000 ffffffff 00cf9300 DPL=0 DS   [-WA]
LDT=0000 00000000 0000ffff 00008200 DPL=0 LDT
TR =0028 0010e020 00000067 00008900 DPL=0 TSS32-avl
GDT=     0010e0a0 0000002f
IDT=     00112400 000007ff
CR0=80000011 CR2=00000000 CR3=00137000 CR4=00000000
DR0=00000000 DR1=00000000 DR2=00000000 DR3=00000000 
DR6=ffff0ff0 DR7=00000400
CCS=00000091 CCD=ffffffec CCO=EFLAGS
EFER=0000000000000000
Servicing hardware INT=0x21
     1: v=21 e=0000 i=0 cpl=0 IP=0008:00101694 pc=00101694 SP=0010:0010de28 env->regs[R_EAX]=00000000
EAX=00000000 EBX=00000001 ECX=00000000 EDX=00000000
ESI=00000001 EDI=0010de38 EBP=00000001 ESP=0010de28
EIP=00101694 EFL=00000293 [--S-A-C] CPL=0 II=0 A20=1 SMM=0 HLT=0
ES =0010 00000000 ffffffff 00cf9300 DPL=0 DS   [-WA]
CS =0008 00000000 ffffffff 00cf9a00 DPL=0 CS32 [-R-]
SS =0010 00000000 ffffffff 00cf9300 DPL=0 DS   [-WA]
DS =0010 00000000 ffffffff 00cf9300 DPL=0 DS   [-WA]
FS =0010 00000000 ffffffff 00cf9300 DPL=0 DS   [-WA]
GS =0010 00000000 ffffffff 00cf9300 DPL=0 DS   [-WA]
LDT=0000 00000000 0000ffff 00008200 DPL=0 LDT
TR =0028 0010e020 00000067 00008900 DPL=0 TSS32-avl
GDT=     0010e0a0 0000002f
IDT=     00112400 000007ff
CR0=80000011 CR2=00000000 CR3=00137000 CR4=00000000
DR0=00000000 DR1=00000000 DR2=00000000 DR3=00000000 
DR6=ffff0ff0 DR7=00000400
CCS=00000091 CCD=ffffffec CCO=EFLAGS
EFER=0000000000000000
Servicing hardware INT=0x21
     2: v=21 e=0000 i=0 cpl=0 IP=0008:00101694 pc=00101694 SP=0010:0010de28 env->regs[R_EAX]=00000000
EAX=00000000 EBX=00000002 ECX=00000000 EDX=00000000
ESI=00000002 EDI=0010de38 EBP=00000002 ESP=0010de28
EIP=00101694 EFL=00000293 [--S-A-C] CPL=0 II=0 A20=1 SMM=0 HLT=0
ES =0010 00000000 ffffffff 00cf9300 DPL=0 DS   [-WA]
CS =0008 00000000 ffffffff 00cf9a00 DPL=0 CS32 [-R-]
SS =0010 00000000 ffffffff 00cf9300 DPL=0 DS   [-WA]
DS =0010 00000000 ffffffff 00cf9300 DPL=0 DS   [-WA]
FS =0010 00000000 ffffffff 00cf9300 DPL=0 DS   [-WA]
GS =0010 00000000 ffffffff 00cf9300 DPL=0 DS   [-WA]
LDT=0000 00000000 0000ffff 00008200 DPL=0 LDT
TR =0028 0010e020 00000067 00008900 DPL=0 TSS32-avl
GDT=     0010e0a0 0000002f
IDT=     00112400 000007ff
CR0=80000011 CR2=00000000 CR3=00137000 CR4=00000000
DR0=00000000 DR1=00000000 DR2=00000000 DR3=00000000 
DR6=ffff0ff0 DR7=00000400
CCS=00000091 CCD=ffffffec CCO=EFLAGS
EFER=0000000000000000
Servicing hardware INT=0x21
     3: v=21 e=0000 i=0 cpl=0 IP=0008:00101694 pc=00101694 SP=0010:0010de28 env->regs[R_EAX]=00000000
EAX=00000000 EBX=00000002 ECX=00000000 EDX=00000000
ESI=00000002 EDI=0010de38 EBP=00000002 ESP=0010de28
EIP=00101694 EFL=00000293 [--S-A-C] CPL=0 II=0 A20=1 SMM=0 HLT=0
ES =0010 00000000 ffffffff 00cf9300 DPL=0 DS   [-WA]
CS =0008 00000000 ffffffff 00cf9a00 DPL=0 CS32 [-R-]
SS =0010 00000000 ffffffff 00cf9300 DPL=0 DS   [-WA]
DS =0010 00000000 ffffffff 00cf9300 DPL=0 DS   [-WA]
FS =0010 00000000 ffffffff 00cf9300 DPL=0 DS   [-WA]
GS =0010 00000000 ffffffff 00cf9300 DPL=0 DS   [-WA]
LDT=0000 00000000 0000ffff 00008200 DPL=0 LDT
TR =0028 0010e020 00000067 00008900 DPL=0 TSS32-avl
GDT=     0010e0a0 0000002f
IDT=     00112400 000007ff
CR0=80000011 CR2=00000000 CR3=00137000 CR4=00000000
DR0=00000000 DR1=00000000 DR2=00000000 DR3=00000000 
DR6=ffff0ff0 DR7=00000400
CCS=00000091 CCD=ffffffec CCO=EFLAGS
EFER=0000000000000000
Servicing hardware INT=0x21
     4: v=21 e=0000 i=0 cpl=0 IP=0008:00101694 pc=00101694 SP=0010:0010de28 env->regs[R_EAX]=00000000
EAX=00000000 EBX=00000002 ECX=00000000 EDX=00000000
ESI=00000002 EDI=0010de38 EBP=00000002 ESP=0010de28
EIP=00101694 EFL=00000293 [--S-A-C] CPL=0 II=0 A20=1 SMM=0 HLT=0
ES =0010 00000000 ffffffff 00cf9300 DPL=0 DS   [-WA]
CS =0008 00000000 ffffffff 00cf9a00 DPL=0 CS32 [-R-]
SS =0010 00000000 ffffffff 00cf9300 DPL=0 DS   [-WA]
DS =0010 00000000 ffffffff 00cf9300 DPL=0 DS   [-WA]
FS =0010 00000000 ffffffff 00cf9300 DPL=0 DS   [-WA]
GS =0010 00000000 ffffffff 00cf9300 DPL=0 DS   [-WA]
LDT=0000 00000000 0000ffff 00008200 DPL=0 LDT
TR =0028 0010e020 00000067 00008900 DPL=0 TSS32-avl
GDT=     0010e0a0 0000002f
IDT=     00112400 000007ff
CR0=80000011 CR2=00000000 CR3=00137000 CR4=00000000
DR0=00000000 DR1=00000000 DR2=00000000 DR3=00000000 
DR6=ffff0ff0 DR7=00000400
CCS=00000091 CCD=ffffffec CCO=EFLAGS
EFER=0000000000000000
Servicing hardware INT=0x21
     5: v=21 e=0000 i=0 cpl=0 IP=0008:00101694 pc=00101694 SP=0010:0010de28 env->regs[R_EAX]=00000000
EAX=00000000 EBX=00000003 ECX=00000000 EDX=00000000
ESI=00000003 EDI=0010de38 EBP=00000003 ESP=0010de28
EIP=00101694 EFL=00000293 [--S-A-C] CPL=0 II=0 A20=1 SMM=0 HLT=0
ES =0010 00000000 ffffffff 00cf9300 DPL=0 DS   [-WA]
CS =0008 00000000 ffffffff 00cf9a00 DPL=0 CS32 [-R-]
SS =0010 00000000 ffffffff 00cf9300 DPL=0 DS   [-WA]
DS =0010 00000000 ffffffff 00cf9300 DPL=0 DS   [-WA]
FS =0010 00000000 ffffffff 00cf9300 DPL=0 DS   [-WA]
GS =0010 00000000 ffffffff 00cf9300 DPL=0 DS   [-WA]
LDT=0000 00000000 0000ffff 00008200 DPL=0 LDT
TR =0028 0010e020 00000067 00008900 DPL=0 TSS32-avl
GDT=     0010e0a0 0000002f
IDT=     00112400 000007ff
CR0=80000011 CR2=00000000 CR3=00137000 CR4=00000000
DR0=00000000 DR1=00000000 DR2=00000000 DR3=00000000 
DR6=ffff0ff0 DR7=00000400
CCS=00000091 CCD=ffffffec CCO=EFLAGS
EFER=0000000000000000
Servicing hardware INT=0x21
     6: v=21 e=0000 i=0 cpl=0 IP=0008:00101694 pc=00101694 SP=0010:0010de28 env->regs[R_EAX]=00000000
EAX=00000000 EBX=00000003 ECX=00000000 EDX=00000000
ESI=00000003 EDI=0010de38 EBP=00000003 ESP=0010de28
EIP=00101694 EFL=00000293 [--S-A-C] CPL=0 II=0 A20=1 SMM=0 HLT=0
ES =0010 00000000 ffffffff 00cf9300 DPL=0 DS   [-WA]
CS =0008 00000000 ffffffff 00cf9a00 DPL=0 CS32 [-R-]
SS =0010 00000000 ffffffff 00cf9300 DPL=0 DS   [-WA]
DS =0010 00000000 ffffffff 00cf9300 DPL=0 DS   [-WA]
FS =0010 00000000 ffffffff 00cf9300 DPL=0 DS   [-WA]
GS =0010 00000000 ffffffff 00cf9300 DPL=0 DS   [-WA]
LDT=0000 00000000 0000ffff 00008200 DPL=0 LDT
TR =0028 0010e020 00000067 00008900 DPL=0 TSS32-avl
GDT=     0010e0a0 0000002f
IDT=     00112400 000007ff
CR0=80000011 CR2=00000000 CR3=00137000 CR4=00000000
DR0=00000000 DR1=00000000 DR2=00000000 DR3=00000000 
DR6=ffff0ff0 DR7=00000400
CCS=00000091 CCD=ffffffec CCO=EFLAGS
EFER=0000000000000000
Servicing hardware INT=0x21
     7: v=21 e=0000 i=0 cpl=0 IP=0008:00101694 pc=00101694 SP=0010:0010de28 env->regs[R_EAX]=00000000
EAX=00000000 EBX=00000004 ECX=00000000 EDX=00000000
ESI=00000004 EDI=0010de38 EBP=00000004 ESP=0010de28
EIP=00101694 EFL=00000293 [--S-A-C] CPL=0 II=0 A20=1 SMM=0 HLT=0
ES =0010 00000000 ffffffff 00cf9300 DPL=0 DS   [-WA]
CS =0008 00000000 ffffffff 00cf9a00 DPL=0 CS32 [-R-]
SS =0010 00000000 ffffffff 00cf9300 DPL=0 DS   [-WA]
DS =0010 00000000 ffffffff 00cf9300 DPL=0 DS   [-WA]
FS =0010 00000000 ffffffff 00cf9300 DPL=0 DS   [-WA]
GS =0010 00000000 ffffffff 00cf9300 DPL=0 DS   [-WA]
LDT=0000 00000000 0000ffff 00008200 DPL=0 LDT
TR =0028 0010e020 00000067 00008900 DPL=0 TSS32-avl
GDT=     0010e0a0 0000002f
IDT=     00112400 000007ff
CR0=80000011 CR2=00000000 CR3=00137000 CR4=00000000
DR0=00000000 DR1=00000000 DR2=00000000 DR3=00000000 
DR6=ffff0ff0 DR7=00000400
CCS=00000091 CCD=ffffffec CCO=EFLAGS
EFER=0000000000000000
Servicing hardware INT=0x21
     8: v=21 e=0000 i=0 cpl=0 IP=0008:00101694 pc=00101694 SP=0010:0010de28 env->regs[R_EAX]=00000000
EAX=00000000 EBX=00000004 ECX=00000000 EDX=00000000
ESI=00000004 EDI=0010de38 EBP=00000004 ESP=0010de28
EIP=00101694 EFL=00000293 [--S-A-C] CPL=0 II=0 A20=1 SMM=0 HLT=0
ES =0010 00000000 ffffffff 00cf9300 DPL=0 DS   [-WA]
CS =0008 00000000 ffffffff 00cf9a00 DPL=0 CS32 [-R-]
SS =0010 00000000 ffffffff 00cf9300 DPL=0 DS   [-WA]
DS =0010 00000000 ffffffff 00cf9300 DPL=0 DS   [-WA]
FS =0010 00000000 ffffffff 00cf9300 DPL=0 DS   [-WA]
GS =0010 00000000 ffffffff 00cf9300 DPL=0 DS   [-WA]
LDT=0000 00000000 0000ffff 00008200 DPL=0 LDT
TR =0028 0010e020 00000067 00008900 DPL=0 TSS32-avl
GDT=     0010e0a0 0000002f
IDT=     00112400 000007ff
CR0=80000011 CR2=00000000 CR3=00137000 CR4=00000000
DR0=00000000 DR1=00000000 DR2=00000000 DR3=00000000 
DR6=ffff0ff0 DR7=00000400
CCS=00000091 CCD=ffffffec CCO=EFLAGS
EFER=0000000000000000
Servicing hardware INT=0x21
     9: v=21 e=0000 i=0 cpl=0 IP=0008:00101694 pc=00101694 SP=0010:0010de28 env->regs[R_EAX]=00000000
EAX=00000000 EBX=00000004 ECX=00000000 EDX=00000000
ESI=00000004 EDI=0010de38 EBP=00000004 ESP=0010de28
EIP=00101694 EFL=00000293 [--S-A-C] CPL=0 II=0 A20=1 SMM=0 HLT=0
ES =0010 00000000 ffffffff 00cf9300 DPL=0 DS   [-WA]
CS =0008 00000000 ffffffff 00cf9a00 DPL=0 CS32 [-R-]
SS =0010 00000000 ffffffff 00cf9300 DPL=0 DS   [-WA]
DS =0010 00000000 ffffffff 00cf9300 DPL=0 DS   [-WA]
FS =0010 00000000 ffffffff 00cf9300 DPL=0 DS   [-WA]
GS =0010 00000000 ffffffff 00cf9300 DPL=0 DS   [-WA]
LDT=0000 00000000 0000ffff 00008200 DPL=0 LDT
TR =0028 0010e020 00000067 00008900 DPL=0 TSS32-avl
GDT=     0010e0a0 0000002f
IDT=     00112400 000007ff
CR0=80000011 CR2=00000000 CR3=00137000 CR4=00000000
DR0=00000000 DR1=00000000 DR2=00000000 DR3=00000000 
DR6=ffff0ff0 DR7=00000400
CCS=00000091 CCD=ffffffec CCO=EFLAGS
EFER=0000000000000000
Servicing hardware INT=0x21
    10: v=21 e=0000 i=0 cpl=0 IP=0008:00101694 pc=00101694 SP=0010:0010de28 env->regs[R_EAX]=00000000
EAX=00000000 EBX=00000005 ECX=00000000 EDX=00000000
ESI=00000005 EDI=0010de38 EBP=00000005 ESP=0010de28
EIP=00101694 EFL=00000293 [--S-A-C] CPL=0 II=0 A20=1 SMM=0 HLT=0
ES =0010 00000000 ffffffff 00cf9300 DPL=0 DS   [-WA]
CS =0008 00000000 ffffffff 00cf9a00 DPL=0 CS32 [-R-]
SS =0010 00000000 ffffffff 00cf9300 DPL=0 DS   [-WA]
DS =0010 00000000 ffffffff 00cf9300 DPL=0 DS   [-WA]
FS =0010 00000000 ffffffff 00cf9300 DPL=0 DS   [-WA]
GS =0010 00000000 ffffffff 00cf9300 DPL=0 DS   [-WA]
LDT=0000 00000000 0000ffff 00008200 DPL=0 LDT
TR =0028 0010e020 00000067 00008900 DPL=0 TSS32-avl
GDT=     0010e0a0 0000002f
IDT=     00112400 000007ff
CR0=80000011 CR2=00000000 CR3=00137000 CR4=00000000
DR0=00000000 DR1=00000000 DR2=00000000 DR3=00000000 
DR6=ffff0ff0 DR7=00000400
CCS=00000091 CCD=ffffffec CCO=EFLAGS
EFER=0000000000000000
Servicing hardware INT=0x21
    11: v=21 e=0000 i=0 cpl=0 IP=0008:00101694 pc=00101694 SP=0010:0010de28 env->regs[R_EAX]=00000000
EAX=00000000 EBX=00000005 ECX=00000000 EDX=00000000
ESI=00000005 EDI=0010de38 EBP=00000005 ESP=0010de28
EIP=00101694 EFL=00000293 [--S-A-C] CPL=0 II=0 A20=1 SMM=0 HLT=0
ES =0010 00000000 ffffffff 00cf9300 DPL=0 DS   [-WA]
CS =0008 00000000 ffffffff 00cf9a00 DPL=0 CS32 [-R-]
SS =0010 00000000 ffffffff 00cf9300 DPL=0 DS   [-WA]
DS =0010 00000000 ffffffff 00cf9300 DPL=0 DS   [-WA]
FS =0010 00000000 ffffffff 00cf9300 DPL=0 DS   [-WA]
GS =0010 00000000 ffffffff 00cf9300 DPL=0 DS   [-WA]
LDT=0000 00000000 0000ffff 00008200 DPL=0 LDT
TR =0028 0010e020 00000067 00008900 DPL=0 TSS32-avl
GDT=     0010e0a0 0000002f
IDT=     00112400 000007ff
CR0=80000011 CR2=00000000 CR3=00137000 CR4=00000000
DR0=00000000 DR1=00000000 DR2=00000000 DR3=00000000 
DR6=ffff0ff0 DR7=00000400
CCS=00000091 CCD=ffffffec CCO=EFLAGS
EFER=0000000000000000
Servicing hardware INT=0x21
    12: v=21 e=0000 i=0 cpl=0 IP=0008:00101694 pc=00101694 SP=0010:0010de28 env->regs[R_EAX]=00000000
EAX=00000000 EBX=00000005 ECX=00000000 EDX=00000000
ESI=00000005 EDI=0010de38 EBP=00000005 ESP=0010de28
EIP=00101694 EFL=00000293 [--S-A-C] CPL=0 II=0 A20=1 SMM=0 HLT=0
ES =0010 00000000 ffffffff 00cf9300 DPL=0 DS   [-WA]
CS =0008 00000000 ffffffff 00cf9a00 DPL=0 CS32 [-R-]
SS =0010 00000000 ffffffff 00cf9300 DPL=0 DS   [-WA]
DS =0010 00000000 ffffffff 00cf9300 DPL=0 DS   [-WA]
FS =0010 00000000 ffffffff 00cf9300 DPL=0 DS   [-WA]
GS =0010 00000000 ffffffff 00cf9300 DPL=0 DS   [-WA]
LDT=0000 00000000 0000ffff 00008200 DPL=0 LDT
TR =0028 0010e020 00000067 00008900 DPL=0 TSS32-avl
GDT=     0010e0a0 0000002f
IDT=     00112400 000007ff
CR0=80000011 CR2=00000000 CR3=00137000 CR4=00000000
DR0=00000000 DR1=00000000 DR2=00000000 DR3=00000000 
DR6=ffff0ff0 DR7=00000400
CCS=00000091 CCD=ffffffec CCO=EFLAGS
EFER=0000000000000000
Servicing hardware INT=0x21
    13: v=21 e=0000 i=0 cpl=0 IP=0008:00101694 pc=00101694 SP=0010:0010de28 env->regs[R_EAX]=00000000
EAX=00000000 EBX=00000006 ECX=00000000 EDX=00000000
ESI=00000006 EDI=0010de38 EBP=00000006 ESP=0010de28
EIP=00101694 EFL=00000293 [--S-A-C] CPL=0 II=0 A20=1 SMM=0 HLT=0
ES =0010 00000000 ffffffff 00cf9300 DPL=0 DS   [-WA]
CS =0008 00000000 ffffffff 00cf9a00 DPL=0 CS32 [-R-]
SS =0010 00000000 ffffffff 00cf9300 DPL=0 DS   [-WA]
DS =0010 00000000 ffffffff 00cf9300 DPL=0 DS   [-WA]
FS =0010 00000000 ffffffff 00cf9300 DPL=0 DS   [-WA]
GS =0010 00000000 ffffffff 00cf9300 DPL=0 DS   [-WA]
LDT=0000 00000000 0000ffff 00008200 DPL=0 LDT
TR =0028 0010e020 00000067 00008900 DPL=0 TSS32-avl
GDT=     0010e0a0 0000002f
IDT=     00112400 000007ff
CR0=80000011 CR2=00000000 CR3=00137000 CR4=00000000
DR0=00000000 DR1=00000000 DR2=00000000 DR3=00000000 
DR6=ffff0ff0 DR7=00000400
CCS=00000091 CCD=ffffffec CCO=EFLAGS
EFER=0000000000000000
Servicing hardware INT=0x21
    14: v=21 e=0000 i=0 cpl=0 IP=0008:00101694 pc=00101694 SP=0010:0010de28 env->regs[R_EAX]=00000000
EAX=00000000 EBX=00000006 ECX=00000000 EDX=00000000
ESI=00000006 EDI=0010de38 EBP=00000006 ESP=0010de28
EIP=00101694 EFL=00000293 [--S-A-C] CPL=0 II=0 A20=1 SMM=0 HLT=0
ES =0010 00000000 ffffffff 00cf9300 DPL=0 DS   [-WA]
CS =0008 00000000 ffffffff 00cf9a00 DPL=0 CS32 [-R-]
SS =0010 00000000 ffffffff 00cf9300 DPL=0 DS   [-WA]
DS =0010 00000000 ffffffff 00cf9300 DPL=0 DS   [-WA]
FS =0010 00000000 ffffffff 00cf9300 DPL=0 DS   [-WA]
GS =0010 00000000 ffffffff 00cf9300 DPL=0 DS   [-WA]
LDT=0000 00000000 0000ffff 00008200 DPL=0 LDT
TR =0028 0010e020 00000067 00008900 DPL=0 TSS32-avl
GDT=     0010e0a0 0000002f
IDT=     00112400 000007ff
CR0=80000011 CR2=00000000 CR3=00137000 CR4=00000000
DR0=00000000 DR1=00000000 DR2=00000000 DR3=00000000 
DR6=ffff0ff0 DR7=00000400
CCS=00000091 CCD=ffffffec CCO=EFLAGS
EFER=0000000000000000
Servicing hardware INT=0x21
    15: v=21 e=0000 i=0 cpl=0 IP=0008:00101694 pc=00101694 SP=0010:0010de28 env->regs[R_EAX]=00000000
EAX=00000000 EBX=00000007 ECX=00000000 EDX=00000000
ESI=00000007 EDI=0010de38 EBP=00000007 ESP=0010de28
EIP=00101694 EFL=00000293 [--S-A-C] CPL=0 II=0 A20=1 SMM=0 HLT=0
ES =0010 00000000 ffffffff 00cf9300 DPL=0 DS   [-WA]
CS =0008 00000000 ffffffff 00cf9a00 DPL=0 CS32 [-R-]
SS =0010 00000000 ffffffff 00cf9300 DPL=0 DS   [-WA]
DS =0010 00000000 ffffffff 00cf9300 DPL=0 DS   [-WA]
FS =0010 00000000 ffffffff 00cf9300 DPL=0 DS   [-WA]
GS =0010 00000000 ffffffff 00cf9300 DPL=0 DS   [-WA]
LDT=0000 00000000 0000ffff 00008200 DPL=0 LDT
TR =0028 0010e020 00000067 00008900 DPL=0 TSS32-avl
GDT=     0010e0a0 0000002f
IDT=     00112400 000007ff
CR0=80000011 CR2=00000000 CR3=00137000 CR4=00000000
DR0=00000000 DR1=00000000 DR2=00000000 DR3=00000000 
DR6=ffff0ff0 DR7=00000400
CCS=00000091 CCD=ffffffec CCO=EFLAGS
EFER=0000000000000000
Servicing hardware INT=0x21
    16: v=21 e=0000 i=0 cpl=0 IP=0008:00101694 pc=00101694 SP=0010:0010de28 env->regs[R_EAX]=00000000
EAX=00000000 EBX=00000007 ECX=00000000 EDX=00000000
ESI=00000007 EDI=0010de38 EBP=00000007 ESP=0010de28
EIP=00101694 EFL=00000293 [--S-A-C] CPL=0 II=0 A20=1 SMM=0 HLT=0
ES =0010 00000000 ffffffff 00cf9300 DPL=0 DS   [-WA]
CS =0008 00000000 ffffffff 00cf9a00 DPL=0 CS32 [-R-]
SS =0010 00000000 ffffffff 00cf9300 DPL=0 DS   [-WA]
DS =0010 00000000 ffffffff 00cf9300 DPL=0 DS   [-WA]
FS =0010 00000000 ffffffff 00cf9300 DPL=0 DS   [-WA]
GS =0010 00000000 ffffffff 00cf9300 DPL=0 DS   [-WA]
LDT=0000 00000000 0000ffff 00008200 DPL=0 LDT
TR =0028 0010e020 00000067 00008900 DPL=0 TSS32-avl
GDT=     0010e0a0 0000002f
IDT=     00112400 000007ff
CR0=80000011 CR2=00000000 CR3=00137000 CR4=00000000
DR0=00000000 DR1=00000000 DR2=00000000 DR3=00000000 
DR6=ffff0ff0 DR7=00000400
CCS=00000091 CCD=ffffffec CCO=EFLAGS
EFER=0000000000000000
Servicing hardware INT=0x21
    17: v=21 e=0000 i=0 cpl=0 IP=0008:00101694 pc=00101694 SP=0010:0010de28 env->regs[R_EAX]=00000000
EAX=00000000 EBX=00000008 ECX=00000000 EDX=00000000
ESI=00000008 EDI=0010de38 EBP=00000008 ESP=0010de28
EIP=00101694 EFL=00000293 [--S-A-C] CPL=0 II=0 A20=1 SMM=0 HLT=0
ES =0010 00000000 ffffffff 00cf9300 DPL=0 DS   [-WA]
CS =0008 00000000 ffffffff 00cf9a00 DPL=0 CS32 [-R-]
SS =0010 00000000 ffffffff 00cf9300 DPL=0 DS   [-WA]
DS =0010 00000000 ffffffff 00cf9300 DPL=0 DS   [-WA]
FS =0010 00000000 ffffffff 00cf9300 DPL=0 DS   [-WA]
GS =0010 00000000 ffffffff 00cf9300 DPL=0 DS   [-WA]
LDT=0000 00000000 0000ffff 00008200 DPL=0 LDT
TR =0028 0010e020 00000067 00008900 DPL=0 TSS32-avl
GDT=     0010e0a0 0000002f
IDT=     00112400 000007ff
CR0=80000011 CR2=00000000 CR3=00137000 CR4=00000000
DR0=00000000 DR1=00000000 DR2=00000000 DR3=00000000 
DR6=ffff0ff0 DR7=00000400
CCS=00000091 CCD=ffffffec CCO=EFLAGS
EFER=0000000000000000
Servicing hardware INT=0x21
    18: v=21 e=0000 i=0 cpl=0 IP=0008:00101694 pc=00101694 SP=0010:0010de28 env->regs[R_EAX]=00000000
EAX=00000000 EBX=00000008 ECX=00000000 EDX=00000000
ESI=00000008 EDI=0010de38 EBP=00000008 ESP=0010de28
EIP=00101694 EFL=00000293 [--S-A-C] CPL=0 II=0 A20=1 SMM=0 HLT=0
ES =0010 00000000 ffffffff 00cf9300 DPL=0 DS   [-WA]
CS =0008 00000000 ffffffff 00cf9a00 DPL=0 CS32 [-R-]
SS =0010 00000000 ffffffff 00cf9300 DPL=0 DS   [-WA]
DS =0010 00000000 ffffffff 00cf9300 DPL=0 DS   [-WA]
FS =0010 00000000 ffffffff 00cf9300 DPL=0 DS   [-WA]
GS =0010 00000000 ffffffff 00cf9300 DPL=0 DS   [-WA]
LDT=0000 00000000 0000ffff 00008200 DPL=0 LDT
TR =0028 0010e020 00000067 00008900 DPL=0 TSS32-avl
GDT=     0010e0a0 0000002f
IDT=     00112400 000007ff
CR0=80000011 CR2=00000000 CR3=00137000 CR4=00000000
DR0=00000000 DR1=00000000 DR2=00000000 DR3=00000000 
DR6=ffff0ff0 DR7=00000400
CCS=00000091 CCD=ffffffec CCO=EFLAGS
EFER=0000000000000000
Servicing hardware INT=0x21
    19: v=21 e=0000 i=0 cpl=0 IP=0008:00101694 pc=00101694 SP=0010:0010de28 env->regs[R_EAX]=00000000
EAX=00000000 EBX=00000009 ECX=00000000 EDX=00000000
ESI=00000009 EDI=0010de38 EBP=00000009 ESP=0010de28
EIP=00101694 EFL=00000293 [--S-A-C] CPL=0 II=0 A20=1 SMM=0 HLT=0
ES =0010 00000000 ffffffff 00cf9300 DPL=0 DS   [-WA]
CS =0008 00000000 ffffffff 00cf9a00 DPL=0 CS32 [-R-]
SS =0010 00000000 ffffffff 00cf9300 DPL=0 DS   [-WA]
DS =0010 00000000 ffffffff 00cf9300 DPL=0 DS   [-WA]
FS =0010 00000000 ffffffff 00cf9300 DPL=0 DS   [-WA]
GS =0010 00000000 ffffffff 00cf9300 DPL=0 DS   [-WA]
LDT=0000 00000000 0000ffff 00008200 DPL=0 LDT
TR =0028 0010e020 00000067 00008900 DPL=0 TSS32-avl
GDT=     0010e0a0 0000002f
IDT=     00112400 000007ff
CR0=80000011 CR2=00000000 CR3=00137000 CR4=00000000
DR0=00000000 DR1=00000000 DR2=00000000 DR3=00000000 
DR6=ffff0ff0 DR7=00000400
CCS=00000091 CCD=ffffffec CCO=EFLAGS
EFER=0000000000000000
Servicing hardware INT=0x21
    20: v=21 e=0000 i=0 cpl=0 IP=0008:00101694 pc=00101694 SP=0010:0010de28 env->regs[R_EAX]=00000000
EAX=00000000 EBX=00000009 ECX=00000000 EDX=00000000
ESI=00000009 EDI=0010de38 EBP=00000009 ESP=0010de28
EIP=00101694 EFL=00000293 [--S-A-C] CPL=0 II=0 A20=1 SMM=0 HLT=0
ES =0010 00000000 ffffffff 00cf9300 DPL=0 DS   [-WA]
CS =0008 00000000 ffffffff 00cf9a00 DPL=0 CS32 [-R-]
SS =0010 00000000 ffffffff 00cf9300 DPL=0 DS   [-WA]
DS =0010 00000000 ffffffff 00cf9300 DPL=0 DS   [-WA]
FS =0010 00000000 ffffffff 00cf9300 DPL=0 DS   [-WA]
GS =0010 00000000 ffffffff 00cf9300 DPL=0 DS   [-WA]
LDT=0000 00000000 0000ffff 00008200 DPL=0 LDT
TR =0028 0010e020 00000067 00008900 DPL=0 TSS32-avl
GDT=     0010e0a0 0000002f
IDT=     00112400 000007ff
CR0=80000011 CR2=00000000 CR3=00137000 CR4=00000000
DR0=00000000 DR1=00000000 DR2=00000000 DR3=00000000 
DR6=ffff0ff0 DR7=00000400
CCS=00000091 CCD=ffffffec CCO=EFLAGS
EFER=0000000000000000
Servicing hardware INT=0x21
    21: v=21 e=0000 i=0 cpl=0 IP=0008:00101694 pc=00101694 SP=0010:0010de28 env->regs[R_EAX]=00000000
EAX=00000000 EBX=0000000a ECX=00000000 EDX=00000000
ESI=0000000a EDI=0010de38 EBP=0000000a ESP=0010de28
EIP=00101694 EFL=00000293 [--S-A-C] CPL=0 II=0 A20=1 SMM=0 HLT=0
ES =0010 00000000 ffffffff 00cf9300 DPL=0 DS   [-WA]
CS =0008 00000000 ffffffff 00cf9a00 DPL=0 CS32 [-R-]
SS =0010 00000000 ffffffff 00cf9300 DPL=0 DS   [-WA]
DS =0010 00000000 ffffffff 00cf9300 DPL=0 DS   [-WA]
FS =0010 00000000 ffffffff 00cf9300 DPL=0 DS   [-WA]
GS =0010 00000000 ffffffff 00cf9300 DPL=0 DS   [-WA]
LDT=0000 00000000 0000ffff 00008200 DPL=0 LDT
TR =0028 0010e020 00000067 00008900 DPL=0 TSS32-avl
GDT=     0010e0a0 0000002f
IDT=     00112400 000007ff
CR0=80000011 CR2=00000000 CR3=00137000 CR4=00000000
DR0=00000000 DR1=00000000 DR2=00000000 DR3=00000000 
DR6=ffff0ff0 DR7=00000400
CCS=00000091 CCD=ffffffec CCO=EFLAGS
EFER=0000000000000000
Servicing hardware INT=0x21
    22: v=21 e=0000 i=0 cpl=0 IP=0008:00101694 pc=00101694 SP=0010:0010de28 env->regs[R_EAX]=00000000
EAX=00000000 EBX=0000000a ECX=00000000 EDX=00000000
ESI=0000000a EDI=0010de38 EBP=0000000a ESP=0010de28
EIP=00101694 EFL=00000293 [--S-A-C] CPL=0 II=0 A20=1 SMM=0 HLT=0
ES =0010 00000000 ffffffff 00cf9300 DPL=0 DS   [-WA]
CS =0008 00000000 ffffffff 00cf9a00 DPL=0 CS32 [-R-]
SS =0010 00000000 ffffffff 00cf9300 DPL=0 DS   [-WA]
DS =0010 00000000 ffffffff 00cf9300 DPL=0 DS   [-WA]
FS =0010 00000000 ffffffff 00cf9300 DPL=0 DS   [-WA]
GS =0010 00000000 ffffffff 00cf9300 DPL=0 DS   [-WA]
LDT=0000 00000000 0000ffff 00008200 DPL=0 LDT
TR =0028 0010e020 00000067 00008900 DPL=0 TSS32-avl
GDT=     0010e0a0 0000002f
IDT=     00112400 000007ff
CR0=80000011 CR2=00000000 CR3=00137000 CR4=00000000
DR0=00000000 DR1=00000000 DR2=00000000 DR3=00000000 
DR6=ffff0ff0 DR7=00000400
CCS=00000091 CCD=ffffffec CCO=EFLAGS
EFER=0000000000000000
check_exception old: 0xffffffff new 0xe
    23: v=0e e=0005 i=0 cpl=3 IP=001b:0010f4e0 pc=0010f4e0 SP=0023:00c00000 CR2=0010f4e0
EAX=00100023 EBX=00000000 ECX=0010f4e0 EDX=00c00000
ESI=00000074 EDI=0010de38 EBP=0010de38 ESP=00c00000
EIP=0010f4e0 EFL=00000202 [-------] CPL=3 II=0 A20=1 SMM=0 HLT=0
ES =0023 00000000 ffffffff 00cff300 DPL=3 DS   [-WA]
CS =001b 00000000 ffffffff 00cffa00 DPL=3 CS32 [-R-]
SS =0023 00000000 ffffffff 00cff300 DPL=3 DS   [-WA]
DS =0023 00000000 ffffffff 00cff300 DPL=3 DS   [-WA]
FS =0023 00000000 ffffffff 00cff300 DPL=3 DS   [-WA]
GS =0023 00000000 ffffffff 00cff300 DPL=3 DS   [-WA]
LDT=0000 00000000 0000ffff 00008200 DPL=0 LDT
TR =0028 0010e020 00000067 00008900 DPL=0 TSS32-avl
GDT=     0010e0a0 0000002f
IDT=     00112400 000007ff
CR0=80000011 CR2=0010f4e0 CR3=00137000 CR4=00000000
DR0=00000000 DR1=00000000 DR2=00000000 DR3=00000000 
DR6=ffff0ff0 DR7=00000400
CCS=00000000 CCD=0010dd60 CCO=EFLAGS
EFER=0000000000000000
